<?xml version="1.0" encoding="UTF-8"?>
<!-- Generated by org.testng.reporters.JUnitReportReporter -->
<testsuite hostname="Sanadws643" failures="0" tests="2" name="MyTestCases" time="0.057" errors="0" timestamp="2023-04-13T05:24:07 TRT" skipped="0">
  <testcase classname="MyTestCases" name="TestContactNumbers" time="0.034"/>
  <system-out/>
  <testcase classname="MyTestCases" name="TestDefaultCurrency" time="0.023"/>
  <system-out/>
</testsuite> <!-- MyTestCases -->
